#
# There is insufficient memory for the Java Runtime Environment to continue.
# Native memory allocation (mmap) failed to map 268435456 bytes. Error detail: G1 virtual space
# Possible reasons:
#   The system is out of physical RAM or swap space
#   This process is running with CompressedOops enabled, and the Java Heap may be blocking the growth of the native heap
# Possible solutions:
#   Reduce memory load on the system
#   Increase physical memory or swap space
#   Check if swap backing store is full
#   Decrease Java heap size (-Xmx/-Xms)
#   Decrease number of Java threads
#   Decrease Java thread stack sizes (-Xss)
#   Set larger code cache with -XX:ReservedCodeCacheSize=
#   JVM is running with Zero Based Compressed Oops mode in which the Java heap is
#     placed in the first 32GB address space. The Java Heap base address is the
#     maximum limit for the native heap growth. Please use -XX:HeapBaseMinAddress
#     to set the Java Heap base and to place the Java Heap above 32GB virtual address.
# This output file may be truncated or incomplete.
#
#  Out of Memory Error (os_windows.cpp:3703), pid=9728, tid=11508
#
# JRE version:  (23.0.1+11) (build )
# Java VM: Java HotSpot(TM) 64-Bit Server VM (23.0.1+11-39, mixed mode, sharing, tiered, compressed oops, compressed class ptrs, g1 gc, windows-amd64)
# No core dump will be written. Minidumps are not enabled by default on client versions of Windows
#

---------------  S U M M A R Y ------------

Command Line: -Dclassworlds.conf=C:\apache-maven-3.9.9\bin\m2.conf -Dmaven.home=C:\apache-maven-3.9.9 -Dlibrary.jansi.path=C:\apache-maven-3.9.9\lib\jansi-native -Dmaven.multiModuleProjectDirectory=C:\Users\Owner\Documents\javaeditor\makeexe\customy org.codehaus.plexus.classworlds.launcher.Launcher clean package jpackage:jpackage

Host: Intel(R) Core(TM) i7-7500U CPU @ 2.70GHz, 4 cores, 15G,  Windows 11 , 64 bit Build 22621 (10.0.22621.5415)
Time: Sat Mar 14 03:53:30 2026 AUS Eastern Daylight Time elapsed time: 0.014966 seconds (0d 0h 0m 0s)

---------------  T H R E A D  ---------------

Current thread (0x000002a75370f890):  JavaThread "Unknown thread" [_thread_in_vm, id=11508, stack(0x000000af17c00000,0x000000af17d00000) (1024K)]

Stack: [0x000000af17c00000,0x000000af17d00000]
Native frames: (J=compiled Java code, j=interpreted, Vv=VM code, C=native code)
V  [jvm.dll+0x6e08b9]  (no source info available)
V  [jvm.dll+0x87dc83]  (no source info available)
V  [jvm.dll+0x88010e]  (no source info available)
V  [jvm.dll+0x8807e3]  (no source info available)
V  [jvm.dll+0x27aee6]  (no source info available)
V  [jvm.dll+0x6dd1c5]  (no source info available)
V  [jvm.dll+0x6d104a]  (no source info available)
V  [jvm.dll+0x35b3ea]  (no source info available)
V  [jvm.dll+0x3637f6]  (no source info available)
V  [jvm.dll+0x34fd5e]  (no source info available)
V  [jvm.dll+0x34fff8]  (no source info available)
V  [jvm.dll+0x3289cc]  (no source info available)
V  [jvm.dll+0x32966e]  (no source info available)
V  [jvm.dll+0x844355]  (no source info available)
V  [jvm.dll+0x3b9848]  (no source info available)
V  [jvm.dll+0x82d14c]  (no source info available)
V  [jvm.dll+0x454d4e]  (no source info available)
V  [jvm.dll+0x456bd1]  (no source info available)
C  [jli.dll+0x52a3]  (no source info available)
C  [ucrtbase.dll+0x29333]  (no source info available)
C  [KERNEL32.DLL+0x1259d]  (no source info available)
C  [ntdll.dll+0x5af78]  (no source info available)

Lock stack of current Java thread (top to bottom):


---------------  P R O C E S S  ---------------

Threads class SMR info:
_java_thread_list=0x00007ffcf4fa3618, length=0, elements={
}

Java Threads: ( => current thread )
Total: 0

Other Threads:
  0x000002a7537714c0 WorkerThread "GC Thread#0"                     [id=13320, stack(0x000000af17d00000,0x000000af17e00000) (1024K)]
  0x000002a7537863b0 ConcurrentGCThread "G1 Main Marker"            [id=8164, stack(0x000000af17e00000,0x000000af17f00000) (1024K)]
  0x000002a753787070 WorkerThread "G1 Conc#0"                       [id=2804, stack(0x000000af17f00000,0x000000af18000000) (1024K)]

[error occurred during error reporting (printing all threads), id 0xc0000005, EXCEPTION_ACCESS_VIOLATION (0xc0000005) at pc=0x00007ffcf46ebfba]
VM state: not at safepoint (not fully initialized)

VM Mutex/Monitor currently owned by a thread:  ([mutex/lock_event])
[0x00007ffcf5023a10] Heap_lock - owner thread: 0x000002a75370f890

Heap address: 0x0000000701800000, size: 4072 MB, Compressed Oops mode: Zero based, Oop shift amount: 3

CDS archive(s) mapped at: [0x0000000000000000-0x0000000000000000-0x0000000000000000), size 0, SharedBaseAddress: 0x0000000800000000, ArchiveRelocationMode: 1.
Narrow klass base: 0x0000000000000000, Narrow klass shift: 0, Narrow klass range: 0x0

GC Precious Log:
 CardTable entry size: 512
 Card Set container configuration: InlinePtr #cards 4 size 8 Array Of Cards #cards 16 size 48 Howl #buckets 8 coarsen threshold 3686 Howl Bitmap #cards 512 size 80 coarsen threshold 460 Card regions per heap region 1 cards per card region 4096

Heap:
 garbage-first heap   total reserved 4169728K, committed 0K, used 0K [0x0000000701800000, 0x0000000800000000)
  region size 2048K, 0 young (0K), 0 survivors (0K)

[error occurred during error reporting (printing heap information), id 0xc0000005, EXCEPTION_ACCESS_VIOLATION (0xc0000005) at pc=0x00007ffcf4aec3c9]
GC Heap History (0 events):
No events

Dll operation events (1 events):
Event: 0.009 Loaded shared library C:\Program Files\Java\jdk-23\bin\java.dll

Deoptimization events (0 events):
No events

Classes loaded (0 events):
No events

Classes unloaded (0 events):
No events

Classes redefined (0 events):
No events

Internal exceptions (0 events):
No events

VM Operations (0 events):
No events

Memory protections (0 events):
No events

Nmethod flushes (0 events):
No events

Events (0 events):
No events


Dynamic libraries:
0x00007ff6b3c40000 - 0x00007ff6b3c50000 	C:\Program Files\Java\jdk-23\bin\java.exe
0x00007ffd5e110000 - 0x00007ffd5e328000 	C:\Windows\SYSTEM32\ntdll.dll
0x00007ffd5c4c0000 - 0x00007ffd5c584000 	C:\Windows\System32\KERNEL32.DLL
0x00007ffd5b640000 - 0x00007ffd5ba13000 	C:\Windows\System32\KERNELBASE.dll
0x00007ffd5b520000 - 0x00007ffd5b631000 	C:\Windows\System32\ucrtbase.dll
0x00007ffd49080000 - 0x00007ffd4909b000 	C:\Program Files\Java\jdk-23\bin\VCRUNTIME140.dll
0x00007ffd490a0000 - 0x00007ffd490b7000 	C:\Program Files\Java\jdk-23\bin\jli.dll
0x00007ffd5de20000 - 0x00007ffd5dfd2000 	C:\Windows\System32\USER32.dll
0x00007ffd5b360000 - 0x00007ffd5b386000 	C:\Windows\System32\win32u.dll
0x00007ffd456f0000 - 0x00007ffd4598c000 	C:\Windows\WinSxS\amd64_microsoft.windows.common-controls_6595b64144ccf1df_6.0.22621.6060_none_2712eda17382d24b\COMCTL32.dll
0x00007ffd5c460000 - 0x00007ffd5c489000 	C:\Windows\System32\GDI32.dll
0x00007ffd5d7a0000 - 0x00007ffd5d847000 	C:\Windows\System32\msvcrt.dll
0x00007ffd5baa0000 - 0x00007ffd5bbbb000 	C:\Windows\System32\gdi32full.dll
0x00007ffd5b450000 - 0x00007ffd5b4ea000 	C:\Windows\System32\msvcp_win.dll
0x00007ffd5d2e0000 - 0x00007ffd5d311000 	C:\Windows\System32\IMM32.DLL
0x00007ffd53ec0000 - 0x00007ffd53ecc000 	C:\Program Files\Java\jdk-23\bin\vcruntime140_1.dll
0x00007ffd31640000 - 0x00007ffd316ce000 	C:\Program Files\Java\jdk-23\bin\msvcp140.dll
0x00007ffcf43b0000 - 0x00007ffcf50ff000 	C:\Program Files\Java\jdk-23\bin\server\jvm.dll
0x00007ffd5c980000 - 0x00007ffd5ca31000 	C:\Windows\System32\ADVAPI32.dll
0x00007ffd5c320000 - 0x00007ffd5c3c8000 	C:\Windows\System32\sechost.dll
0x00007ffd5b4f0000 - 0x00007ffd5b518000 	C:\Windows\System32\bcrypt.dll
0x00007ffd5d850000 - 0x00007ffd5d968000 	C:\Windows\System32\RPCRT4.dll
0x00007ffd5e050000 - 0x00007ffd5e0c1000 	C:\Windows\System32\WS2_32.dll
0x00007ffd5a030000 - 0x00007ffd5a07d000 	C:\Windows\SYSTEM32\POWRPROF.dll
0x00007ffd53050000 - 0x00007ffd53084000 	C:\Windows\SYSTEM32\WINMM.dll
0x00007ffd52a90000 - 0x00007ffd52a9a000 	C:\Windows\SYSTEM32\VERSION.dll
0x00007ffd5a010000 - 0x00007ffd5a023000 	C:\Windows\SYSTEM32\UMPDC.dll
0x00007ffd5a2b0000 - 0x00007ffd5a2c8000 	C:\Windows\SYSTEM32\kernel.appcore.dll
0x00007ffd53bd0000 - 0x00007ffd53bda000 	C:\Program Files\Java\jdk-23\bin\jimage.dll
0x00007ffd58bc0000 - 0x00007ffd58df3000 	C:\Windows\SYSTEM32\DBGHELP.DLL
0x00007ffd5d400000 - 0x00007ffd5d791000 	C:\Windows\System32\combase.dll
0x00007ffd5d320000 - 0x00007ffd5d3f8000 	C:\Windows\System32\OLEAUT32.dll
0x00007ffd37ed0000 - 0x00007ffd37f02000 	C:\Windows\SYSTEM32\dbgcore.DLL
0x00007ffd5ba20000 - 0x00007ffd5ba9b000 	C:\Windows\System32\bcryptPrimitives.dll
0x00007ffd48e90000 - 0x00007ffd48eae000 	C:\Program Files\Java\jdk-23\bin\java.dll
0x00007ffd5c7d0000 - 0x00007ffd5c971000 	C:\Windows\System32\ole32.dll
0x00007ffd5ca40000 - 0x00007ffd5d2dc000 	C:\Windows\System32\SHELL32.dll
0x00007ffd5b220000 - 0x00007ffd5b35f000 	C:\Windows\System32\wintypes.dll

dbghelp: loaded successfully - version: 4.0.5 - missing functions: none
symbol engine: initialized successfully - sym options: 0x614 - pdb path: .;C:\Program Files\Java\jdk-23\bin;C:\Windows\SYSTEM32;C:\Windows\WinSxS\amd64_microsoft.windows.common-controls_6595b64144ccf1df_6.0.22621.6060_none_2712eda17382d24b;C:\Program Files\Java\jdk-23\bin\server

VM Arguments:
jvm_args: -Dclassworlds.conf=C:\apache-maven-3.9.9\bin\m2.conf -Dmaven.home=C:\apache-maven-3.9.9 -Dlibrary.jansi.path=C:\apache-maven-3.9.9\lib\jansi-native -Dmaven.multiModuleProjectDirectory=C:\Users\Owner\Documents\javaeditor\makeexe\customy 
java_command: org.codehaus.plexus.classworlds.launcher.Launcher clean package jpackage:jpackage
java_class_path (initial): C:\apache-maven-3.9.9\boot\plexus-classworlds-2.8.0.jar
Launcher Type: SUN_STANDARD

[Global flags]
     intx CICompilerCount                          = 3                                         {product} {ergonomic}
     uint ConcGCThreads                            = 1                                         {product} {ergonomic}
     uint G1ConcRefinementThreads                  = 4                                         {product} {ergonomic}
   size_t G1HeapRegionSize                         = 2097152                                   {product} {ergonomic}
   size_t InitialHeapSize                          = 268435456                                 {product} {ergonomic}
   size_t MarkStackSize                            = 4194304                                   {product} {ergonomic}
   size_t MarkStackSizeMax                         = 536870912                                 {product} {ergonomic}
   size_t MaxHeapSize                              = 4269801472                                {product} {ergonomic}
   size_t MinHeapDeltaBytes                        = 2097152                                   {product} {ergonomic}
   size_t MinHeapSize                              = 8388608                                   {product} {ergonomic}
    uintx NonNMethodCodeHeapSize                   = 5832704                                {pd product} {ergonomic}
    uintx NonProfiledCodeHeapSize                  = 122945536                              {pd product} {ergonomic}
    uintx ProfiledCodeHeapSize                     = 122880000                              {pd product} {ergonomic}
    uintx ReservedCodeCacheSize                    = 251658240                              {pd product} {ergonomic}
     bool SegmentedCodeCache                       = true                                      {product} {ergonomic}
   size_t SoftMaxHeapSize                          = 4269801472                             {manageable} {ergonomic}
     bool UseCompressedOops                        = true                           {product lp64_product} {ergonomic}
     bool UseG1GC                                  = true                                      {product} {ergonomic}
     bool UseLargePagesIndividualAllocation        = false                                  {pd product} {ergonomic}

Logging:
Log output configuration:
 #0: stdout all=warning uptime,level,tags foldmultilines=false
 #1: stderr all=off uptime,level,tags foldmultilines=false

Environment Variables:
JAVA_HOME=C:\Program Files\Java\jdk-23
PATH=C:\Program Files\Java\jdk-23\bin;C:\Program Files\Java\app\extra-files\maven\bin;C:\Windows\system32;C:\Windows;C:\Windows\System32\Wbem;C:\Windows\System32\WindowsPowerShell\v1.0\;C:\Windows\System32\OpenSSH\;C:\Program Files\Git\cmd;C:\Program Files\dotnet\;C:\Users\Owner\AppData\Local\Packages\PythonSoftwareFoundation.Python.3.13_qbz5n2kfra8p0\LocalCache\local-packages\Python313\Scripts;C:\Gradle\gradle-8.14.2\bin;C:\Program Files\Git LFS;C:\Users\Owner\AppData\Local\Microsoft\WindowsApps;C:\Users\Owner\.dotnet\tools;C:\Users\Owner\AppData\Local\Programs\Microsoft VS Code\bin;C:\Program Files\Java\jdk-23\bin;C:\apache-maven-3.9.9\bin;
USERNAME=Owner
OS=Windows_NT
PROCESSOR_IDENTIFIER=Intel64 Family 6 Model 142 Stepping 9, GenuineIntel
TMP=C:\Users\Owner\AppData\Local\Temp
TEMP=C:\Users\Owner\AppData\Local\Temp




Periodic native trim disabled

---------------  S Y S T E M  ---------------

OS:
 Windows 11 , 64 bit Build 22621 (10.0.22621.5415)
OS uptime: 4 days 9:57 hours
Hyper-V role detected

CPU: total 4 (initial active 4) (2 cores per cpu, 2 threads per core) family 6 model 142 stepping 9 microcode 0xec, cx8, cmov, fxsr, ht, mmx, 3dnowpref, sse, sse2, sse3, ssse3, sse4.1, sse4.2, popcnt, lzcnt, tsc, tscinvbit, avx, avx2, aes, erms, clmul, bmi1, bmi2, adx, fma, vzeroupper, clflush, clflushopt, hv, rdtscp, f16c
Processor Information for processor 0
  Max Mhz: 2901, Current Mhz: 2901, Mhz Limit: 2901
Processor Information for processor 1
  Max Mhz: 2901, Current Mhz: 1500, Mhz Limit: 2901
Processor Information for processor 2
  Max Mhz: 2901, Current Mhz: 2901, Mhz Limit: 2901
Processor Information for processor 3
  Max Mhz: 2901, Current Mhz: 2901, Mhz Limit: 2901

Memory: 4k page, system-wide physical 16281M (4927M free)
TotalPageFile size 20223M (AvailPageFile size 174M)
current process WorkingSet (physical memory assigned to process): 12M, peak: 12M
current process commit charge ("private bytes"): 52M, peak: 308M

vm_info: Java HotSpot(TM) 64-Bit Server VM (23.0.1+11-39) for windows-amd64 JRE (23.0.1+11-39), built on 2024-09-30T07:20:43Z with MS VC++ 17.6 (VS2022)

END.
